{
  "RSpec": {
    "coverage": {
      "/Users/patryk/Projects/bank_tech_test/spec/account_spec.rb": [
        1,
        1,
        1,
        1,
        null,
        1,
        1,
        1,
        null,
        1,
        1,
        1,
        1,
        null,
        1,
        2,
        null,
        null
      ],
      "/Users/patryk/Projects/bank_tech_test/lib/account.rb": [
        1,
        1,
        1,
        4,
        4,
        null,
        null,
        1,
        2,
        2,
        null,
        null,
        1,
        2,
        1,
        1,
        null,
        null,
        1,
        4,
        null,
        null
      ],
      "/Users/patryk/Projects/bank_tech_test/spec/statement_printer_spec.rb": [
        1,
        1,
        1,
        1,
        1,
        1,
        2,
        null,
        null,
        null
      ],
      "/Users/patryk/Projects/bank_tech_test/lib/statement_printer.rb": [
        1,
        1,
        1,
        1,
        2,
        null,
        null
      ]
    },
    "timestamp": 1527073955
  }
}
