{
  "RSpec": {
    "coverage": {
      "/Users/patryk/Projects/bank_tech_test/spec/account_spec.rb": [
        1,
        1,
        8,
        6,
        1,
        7,
        7,
        null,
        1,
        1,
        null,
        1,
        1,
        1,
        null,
        1,
        1,
        null,
        1,
        1,
        1,
        1,
        null,
        1,
        1,
        1,
        null,
        1,
        4,
        null,
        1,
        2,
        null,
        null
      ],
      "/Users/patryk/Projects/bank_tech_test/lib/account.rb": [
        1,
        1,
        1,
        7,
        7,
        7,
        null,
        null,
        1,
        5,
        5,
        5,
        null,
        null,
        1,
        3,
        2,
        2,
        2,
        null,
        null,
        1,
        1,
        null,
        null
      ],
      "/Users/patryk/Projects/bank_tech_test/spec/statement_printer_spec.rb": [
        1,
        1,
        1,
        2,
        2,
        2,
        null,
        1,
        2,
        null,
        null
      ],
      "/Users/patryk/Projects/bank_tech_test/lib/statement_printer.rb": [
        1,
        1,
        1,
        1,
        2,
        1,
        null,
        1,
        null,
        2,
        null,
        1,
        null,
        null
      ]
    },
    "timestamp": 1527089524
  }
}
